TN:
SF:script/DeployEduProtocol.s.sol
DA:11,0
FN:11,DeployEduProtocol.run
FNDA:0,DeployEduProtocol.run
DA:13,0
DA:16,0
DA:18,0
DA:19,0
DA:22,0
DA:25,0
DA:26,0
DA:29,0
DA:30,0
DA:33,0
DA:34,0
DA:38,0
DA:39,0
DA:42,0
DA:43,0
DA:48,0
DA:49,0
DA:52,0
FNF:1
FNH:0
LF:19
LH:0
BRF:0
BRH:0
end_of_record
TN:
SF:src/dao/EduDAO.sol
DA:41,9
FN:41,EduDAO.constructor
FNDA:9,EduDAO.constructor
DA:42,9
DA:48,7
FN:48,EduDAO.createProposal
FNDA:7,EduDAO.createProposal
DA:49,7
BRDA:49,0,0,1
DA:51,6
DA:52,6
DA:55,6
DA:61,262
FN:61,EduDAO.vote
FNDA:262,EduDAO.vote
DA:63,262
DA:64,262
BRDA:64,1,0,257
DA:65,5
BRDA:65,2,0,1
DA:66,1
BRDA:66,3,0,1
DA:68,3
DA:69,3
BRDA:69,4,0,-
DA:72,3
BRDA:72,5,0,-
DA:75,3
DA:76,3
BRDA:76,6,0,3
BRDA:76,6,1,-
DA:79,3
DA:83,0
DA:87,3
FNF:3
FNH:3
LF:20
LH:19
BRF:8
BRH:5
end_of_record
TN:
SF:src/nft/StudentBadge.sol
DA:16,1035
FN:16,StudentBadge.mint
FNDA:1035,StudentBadge.mint
DA:17,1035
DA:18,1035
FNF:1
FNH:1
LF:3
LH:3
BRF:0
BRH:0
end_of_record
TN:
SF:src/staking/EduStaking.sol
DA:51,13
FN:51,EduStaking.constructor
FNDA:13,EduStaking.constructor
DA:52,13
DA:53,13
DA:54,13
DA:59,521
FN:59,EduStaking.stake
FNDA:521,EduStaking.stake
DA:61,521
BRDA:61,0,0,1
DA:64,264
DA:67,264
DA:69,264
DA:74,259
FN:74,EduStaking.unstake
FNDA:259,EduStaking.unstake
DA:76,259
DA:77,259
BRDA:77,1,0,257
DA:80,2
DA:84,2
BRDA:84,2,0,1
DA:85,1
DA:87,2
DA:89,2
DA:95,6
FN:95,EduStaking.calculateReward
FNDA:6,EduStaking.calculateReward
DA:96,6
DA:97,6
BRDA:97,3,0,1
DA:98,5
DA:103,7
FN:103,EduStaking._calculateReward
FNDA:7,EduStaking._calculateReward
DA:104,7
DA:105,7
DA:108,7
DA:109,7
BRDA:109,4,0,1
DA:112,6
BRDA:112,5,0,1
DA:113,1
DA:116,6
FNF:5
FNH:5
LF:29
LH:29
BRF:6
BRH:6
end_of_record
TN:
SF:src/token/EduToken.sol
DA:23,282
FN:23,EduToken.setStakingContract
FNDA:282,EduToken.setStakingContract
DA:24,281
BRDA:24,0,0,1
DA:25,280
DA:32,278
FN:32,EduToken.mint
FNDA:278,EduToken.mint
DA:33,278
BRDA:33,1,0,1
DA:34,1
DA:36,277
FNF:2
FNH:2
LF:7
LH:7
BRF:2
BRH:2
end_of_record
