{
"src\\dao\\EduDAO.sol":{"l":{"45":9,"52":8,"54":7,"55":7,"57":7,"64":7,"67":7,"70":6,"71":6,"73":5,"74":5,"75":4,"78":3,"79":3,"82":2,"86":1,"90":3},"path":"C:\\Users\\thiag\\OneDrive\\Documentos\\meu_protocolo_edu\\src\\dao\\EduDAO.sol","s":{"1":8,"2":7,"3":7,"4":7,"5":7,"6":6,"7":6,"8":5,"9":5,"10":4,"11":3,"12":3},"b":{"1":[1,7],"2":[1,6],"3":[0,6],"4":[1,5],"5":[1,4],"6":[1,3],"7":[2,1]},"f":{"1":9,"2":8,"3":7},"fnMap":{"1":{"name":"constructor","line":44,"loc":{"start":{"line":44,"column":4},"end":{"line":46,"column":4}}},"2":{"name":"createProposal","line":51,"loc":{"start":{"line":51,"column":4},"end":{"line":58,"column":4}}},"3":{"name":"vote","line":63,"loc":{"start":{"line":63,"column":4},"end":{"line":91,"column":4}}}},"statementMap":{"1":{"start":{"line":52,"column":8},"end":{"line":52,"column":110}},"2":{"start":{"line":54,"column":8},"end":{"line":54,"column":37}},"3":{"start":{"line":57,"column":8},"end":{"line":57,"column":73}},"4":{"start":{"line":64,"column":8},"end":{"line":64,"column":62}},"5":{"start":{"line":67,"column":8},"end":{"line":67,"column":79}},"6":{"start":{"line":70,"column":8},"end":{"line":70,"column":91}},"7":{"start":{"line":71,"column":8},"end":{"line":71,"column":78}},"8":{"start":{"line":73,"column":8},"end":{"line":73,"column":50}},"9":{"start":{"line":74,"column":8},"end":{"line":74,"column":71}},"10":{"start":{"line":75,"column":8},"end":{"line":75,"column":75}},"11":{"start":{"line":79,"column":8},"end":{"line":79,"column":4063}},"12":{"start":{"line":90,"column":8},"end":{"line":90,"column":65}}},"branchMap":{"1":{"line":52,"type":"if","locations":[{"start":{"line":52,"column":8},"end":{"line":52,"column":8}},{"start":{"line":52,"column":8},"end":{"line":52,"column":8}}]},"2":{"line":67,"type":"if","locations":[{"start":{"line":67,"column":8},"end":{"line":67,"column":8}},{"start":{"line":67,"column":8},"end":{"line":67,"column":8}}]},"3":{"line":70,"type":"if","locations":[{"start":{"line":70,"column":8},"end":{"line":70,"column":8}},{"start":{"line":70,"column":8},"end":{"line":70,"column":8}}]},"4":{"line":71,"type":"if","locations":[{"start":{"line":71,"column":8},"end":{"line":71,"column":8}},{"start":{"line":71,"column":8},"end":{"line":71,"column":8}}]},"5":{"line":74,"type":"if","locations":[{"start":{"line":74,"column":8},"end":{"line":74,"column":8}},{"start":{"line":74,"column":8},"end":{"line":74,"column":8}}]},"6":{"line":75,"type":"if","locations":[{"start":{"line":75,"column":8},"end":{"line":75,"column":8}},{"start":{"line":75,"column":8},"end":{"line":75,"column":8}}]},"7":{"line":79,"type":"if","locations":[{"start":{"line":79,"column":8},"end":{"line":79,"column":8}},{"start":{"line":79,"column":8},"end":{"line":79,"column":8}}]}}},
"src\\interfaces\\IAggregatorV3.sol":{"l":{},"path":"C:\\Users\\thiag\\OneDrive\\Documentos\\meu_protocolo_edu\\src\\interfaces\\IAggregatorV3.sol","s":{},"b":{},"f":{},"fnMap":{},"statementMap":{},"branchMap":{}},
"src\\nft\\StudentBadge.sol":{"l":{"23":6,"25":5,"26":5,"27":5},"path":"C:\\Users\\thiag\\OneDrive\\Documentos\\meu_protocolo_edu\\src\\nft\\StudentBadge.sol","s":{"1":6,"2":5,"3":5},"b":{"1":[1,5]},"f":{"1":6,"2":6},"fnMap":{"1":{"name":"constructor","line":17,"loc":{"start":{"line":17,"column":4},"end":{"line":17,"column":49}}},"2":{"name":"mint","line":22,"loc":{"start":{"line":22,"column":4},"end":{"line":28,"column":4}}}},"statementMap":{"1":{"start":{"line":23,"column":8},"end":{"line":23,"column":72}},"2":{"start":{"line":26,"column":8},"end":{"line":26,"column":40}},"3":{"start":{"line":27,"column":8},"end":{"line":27,"column":37}}},"branchMap":{"1":{"line":23,"type":"if","locations":[{"start":{"line":23,"column":8},"end":{"line":23,"column":8}},{"start":{"line":23,"column":8},"end":{"line":23,"column":8}}]}}},
"src\\staking\\EduStaking.sol":{"l":{"55":3,"56":3,"57":3,"64":3,"67":2,"70":2,"72":2,"79":1,"80":1,"81":1,"84":0,"85":0,"88":0,"89":0,"91":0,"93":0,"100":0,"101":0,"102":0,"108":0,"109":0,"112":0,"113":0,"116":0,"117":0,"120":0},"path":"C:\\Users\\thiag\\OneDrive\\Documentos\\meu_protocolo_edu\\src\\staking\\EduStaking.sol","s":{"1":3,"2":2,"3":2,"4":1,"5":1,"6":1,"7":0,"8":0,"9":0,"10":0,"11":0,"12":0,"13":0,"14":0,"15":0,"16":0,"17":0,"18":0,"19":0,"20":0,"21":0},"b":{"1":[3,0],"2":[1,2],"3":[1,0],"4":[0,1],"5":[1,0],"6":[0,0],"7":[0,0],"8":[0,0],"9":[0,0]},"f":{"1":3,"2":3,"3":1,"4":0,"5":0},"fnMap":{"1":{"name":"constructor","line":54,"loc":{"start":{"line":54,"column":4},"end":{"line":58,"column":4}}},"2":{"name":"stake","line":62,"loc":{"start":{"line":62,"column":4},"end":{"line":73,"column":4}}},"3":{"name":"unstake","line":77,"loc":{"start":{"line":77,"column":4},"end":{"line":94,"column":4}}},"4":{"name":"calculateReward","line":99,"loc":{"start":{"line":99,"column":4},"end":{"line":103,"column":4}}},"5":{"name":"_calculateReward","line":107,"loc":{"start":{"line":107,"column":4},"end":{"line":121,"column":4}}}},"statementMap":{"1":{"start":{"line":64,"column":8},"end":{"line":64,"column":92}},"2":{"start":{"line":70,"column":8},"end":{"line":70,"column":69}},"3":{"start":{"line":72,"column":8},"end":{"line":72,"column":40}},"4":{"start":{"line":79,"column":8},"end":{"line":79,"column":47}},"5":{"start":{"line":80,"column":8},"end":{"line":80,"column":72}},"6":{"start":{"line":81,"column":8},"end":{"line":81,"column":103}},"7":{"start":{"line":84,"column":8},"end":{"line":84,"column":47}},"8":{"start":{"line":88,"column":8},"end":{"line":88,"column":3987}},"9":{"start":{"line":89,"column":12},"end":{"line":89,"column":45}},"10":{"start":{"line":91,"column":8},"end":{"line":91,"column":69}},"11":{"start":{"line":93,"column":8},"end":{"line":93,"column":50}},"12":{"start":{"line":100,"column":8},"end":{"line":100,"column":47}},"13":{"start":{"line":101,"column":8},"end":{"line":101,"column":46}},"14":{"start":{"line":101,"column":38},"end":{"line":101,"column":46}},"15":{"start":{"line":102,"column":8},"end":{"line":102,"column":37}},"16":{"start":{"line":108,"column":8},"end":{"line":108,"column":61}},"17":{"start":{"line":109,"column":8},"end":{"line":109,"column":54}},"18":{"start":{"line":112,"column":8},"end":{"line":112,"column":58}},"19":{"start":{"line":113,"column":8},"end":{"line":113,"column":57}},"20":{"start":{"line":116,"column":8},"end":{"line":116,"column":5237}},"21":{"start":{"line":120,"column":8},"end":{"line":120,"column":21}}},"branchMap":{"1":{"line":62,"type":"if","locations":[{"start":{"line":62,"column":45},"end":{"line":62,"column":45}},{"start":{"line":62,"column":45},"end":{"line":62,"column":45}}]},"2":{"line":64,"type":"if","locations":[{"start":{"line":64,"column":8},"end":{"line":64,"column":8}},{"start":{"line":64,"column":8},"end":{"line":64,"column":8}}]},"3":{"line":77,"type":"if","locations":[{"start":{"line":77,"column":47},"end":{"line":77,"column":47}},{"start":{"line":77,"column":47},"end":{"line":77,"column":47}}]},"4":{"line":80,"type":"if","locations":[{"start":{"line":80,"column":8},"end":{"line":80,"column":8}},{"start":{"line":80,"column":8},"end":{"line":80,"column":8}}]},"5":{"line":81,"type":"if","locations":[{"start":{"line":81,"column":8},"end":{"line":81,"column":8}},{"start":{"line":81,"column":8},"end":{"line":81,"column":8}}]},"6":{"line":88,"type":"if","locations":[{"start":{"line":88,"column":8},"end":{"line":88,"column":8}},{"start":{"line":88,"column":8},"end":{"line":88,"column":8}}]},"7":{"line":101,"type":"if","locations":[{"start":{"line":101,"column":8},"end":{"line":101,"column":8}},{"start":{"line":101,"column":8},"end":{"line":101,"column":8}}]},"8":{"line":113,"type":"if","locations":[{"start":{"line":113,"column":8},"end":{"line":113,"column":8}},{"start":{"line":113,"column":8},"end":{"line":113,"column":8}}]},"9":{"line":116,"type":"if","locations":[{"start":{"line":116,"column":8},"end":{"line":116,"column":8}},{"start":{"line":116,"column":8},"end":{"line":116,"column":8}}]}}},
"src\\staking\\IAggregatorV3.sol":{"l":{},"path":"C:\\Users\\thiag\\OneDrive\\Documentos\\meu_protocolo_edu\\src\\staking\\IAggregatorV3.sol","s":{},"b":{},"f":{},"fnMap":{},"statementMap":{},"branchMap":{}},
"src\\token\\EduToken.sol":{"l":{"20":14,"27":11,"28":11,"36":15,"37":1,"39":14},"path":"C:\\Users\\thiag\\OneDrive\\Documentos\\meu_protocolo_edu\\src\\token\\EduToken.sol","s":{"1":14,"2":11,"3":15,"4":14},"b":{"1":[0,14],"2":[11,0],"3":[0,11],"4":[1,14]},"f":{"1":14,"2":11,"3":15},"fnMap":{"1":{"name":"constructor","line":18,"loc":{"start":{"line":18,"column":4},"end":{"line":21,"column":4}}},"2":{"name":"setStakingContract","line":26,"loc":{"start":{"line":26,"column":4},"end":{"line":29,"column":4}}},"3":{"name":"mint","line":35,"loc":{"start":{"line":35,"column":4},"end":{"line":40,"column":4}}}},"statementMap":{"1":{"start":{"line":20,"column":8},"end":{"line":20,"column":70}},"2":{"start":{"line":27,"column":8},"end":{"line":27,"column":74}},"3":{"start":{"line":36,"column":8},"end":{"line":36,"column":1838}},"4":{"start":{"line":39,"column":8},"end":{"line":39,"column":24}}},"branchMap":{"1":{"line":20,"type":"if","locations":[{"start":{"line":20,"column":8},"end":{"line":20,"column":8}},{"start":{"line":20,"column":8},"end":{"line":20,"column":8}}]},"2":{"line":26,"type":"if","locations":[{"start":{"line":26,"column":67},"end":{"line":26,"column":67}},{"start":{"line":26,"column":67},"end":{"line":26,"column":67}}]},"3":{"line":27,"type":"if","locations":[{"start":{"line":27,"column":8},"end":{"line":27,"column":8}},{"start":{"line":27,"column":8},"end":{"line":27,"column":8}}]},"4":{"line":36,"type":"if","locations":[{"start":{"line":36,"column":8},"end":{"line":36,"column":8}},{"start":{"line":36,"column":8},"end":{"line":36,"column":8}}]}}}}
