TN:
SF:C:\Users\thiag\OneDrive\Documentos\meu_protocolo_edu\src\dao\EduDAO.sol
FN:44,constructor
FN:51,createProposal
FN:63,vote
FNF:3
FNH:3
FNDA:9,constructor
FNDA:8,createProposal
FNDA:7,vote
DA:45,9
DA:52,8
DA:54,7
DA:55,7
DA:57,7
DA:64,7
DA:67,7
DA:70,6
DA:71,6
DA:73,5
DA:74,5
DA:75,4
DA:78,3
DA:79,3
DA:82,2
DA:86,1
DA:90,3
LF:17
LH:17
BRDA:52,1,0,1
BRDA:52,1,1,7
BRDA:67,2,0,1
BRDA:67,2,1,6
BRDA:70,3,0,0
BRDA:70,3,1,6
BRDA:71,4,0,1
BRDA:71,4,1,5
BRDA:74,5,0,1
BRDA:74,5,1,4
BRDA:75,6,0,1
BRDA:75,6,1,3
BRDA:79,7,0,2
BRDA:79,7,1,1
BRF:14
BRH:13
end_of_record
TN:
SF:C:\Users\thiag\OneDrive\Documentos\meu_protocolo_edu\src\interfaces\IAggregatorV3.sol
FNF:0
FNH:0
LF:0
LH:0
BRF:0
BRH:0
end_of_record
TN:
SF:C:\Users\thiag\OneDrive\Documentos\meu_protocolo_edu\src\nft\StudentBadge.sol
FN:17,constructor
FN:22,mint
FNF:2
FNH:2
FNDA:6,constructor
FNDA:6,mint
DA:23,6
DA:25,5
DA:26,5
DA:27,5
LF:4
LH:4
BRDA:23,1,0,1
BRDA:23,1,1,5
BRF:2
BRH:2
end_of_record
TN:
SF:C:\Users\thiag\OneDrive\Documentos\meu_protocolo_edu\src\staking\EduStaking.sol
FN:54,constructor
FN:62,stake
FN:77,unstake
FN:99,calculateReward
FN:107,_calculateReward
FNF:5
FNH:3
FNDA:3,constructor
FNDA:3,stake
FNDA:1,unstake
FNDA:0,calculateReward
FNDA:0,_calculateReward
DA:55,3
DA:56,3
DA:57,3
DA:64,3
DA:67,2
DA:70,2
DA:72,2
DA:79,1
DA:80,1
DA:81,1
DA:84,0
DA:85,0
DA:88,0
DA:89,0
DA:91,0
DA:93,0
DA:100,0
DA:101,0
DA:102,0
DA:108,0
DA:109,0
DA:112,0
DA:113,0
DA:116,0
DA:117,0
DA:120,0
LF:26
LH:10
BRDA:62,1,0,3
BRDA:62,1,1,0
BRDA:64,2,0,1
BRDA:64,2,1,2
BRDA:77,3,0,1
BRDA:77,3,1,0
BRDA:80,4,0,0
BRDA:80,4,1,1
BRDA:81,5,0,1
BRDA:81,5,1,0
BRDA:88,6,0,0
BRDA:88,6,1,0
BRDA:101,7,0,0
BRDA:101,7,1,0
BRDA:113,8,0,0
BRDA:113,8,1,0
BRDA:116,9,0,0
BRDA:116,9,1,0
BRF:18
BRH:6
end_of_record
TN:
SF:C:\Users\thiag\OneDrive\Documentos\meu_protocolo_edu\src\staking\IAggregatorV3.sol
FNF:0
FNH:0
LF:0
LH:0
BRF:0
BRH:0
end_of_record
TN:
SF:C:\Users\thiag\OneDrive\Documentos\meu_protocolo_edu\src\token\EduToken.sol
FN:18,constructor
FN:26,setStakingContract
FN:35,mint
FNF:3
FNH:3
FNDA:14,constructor
FNDA:11,setStakingContract
FNDA:15,mint
DA:20,14
DA:27,11
DA:28,11
DA:36,15
DA:37,1
DA:39,14
LF:6
LH:6
BRDA:20,1,0,0
BRDA:20,1,1,14
BRDA:26,2,0,11
BRDA:26,2,1,0
BRDA:27,3,0,0
BRDA:27,3,1,11
BRDA:36,4,0,1
BRDA:36,4,1,14
BRF:8
BRH:5
end_of_record
